#
# There is insufficient memory for the Java Runtime Environment to continue.
# Native memory allocation (malloc) failed to allocate 32744 bytes for ChunkPool::allocate
# Possible reasons:
#   The system is out of physical RAM or swap space
#   The process is running with CompressedOops enabled, and the Java Heap may be blocking the growth of the native heap
# Possible solutions:
#   Reduce memory load on the system
#   Increase physical memory or swap space
#   Check if swap backing store is full
#   Decrease Java heap size (-Xmx/-Xms)
#   Decrease number of Java threads
#   Decrease Java thread stack sizes (-Xss)
#   Set larger code cache with -XX:ReservedCodeCacheSize=
#   JVM is running with Zero Based Compressed Oops mode in which the Java heap is
#     placed in the first 32GB address space. The Java Heap base address is the
#     maximum limit for the native heap growth. Please use -XX:HeapBaseMinAddress
#     to set the Java Heap base and to place the Java Heap above 32GB virtual address.
# This output file may be truncated or incomplete.
#
#  Out of Memory Error (allocation.cpp:272), pid=30144, tid=0x0000000000004af8
#
# JRE version: OpenJDK Runtime Environment (8.0_265-b01) (build 1.8.0_265-b01)
# Java VM: OpenJDK 64-Bit Server VM (25.265-b01 mixed mode windows-amd64 compressed oops)
# Failed to write core dump. Minidumps are not enabled by default on client versions of Windows
#

---------------  T H R E A D  ---------------

Current thread (0x000000001e577800):  JavaThread "C2 CompilerThread2" daemon [_thread_in_native, id=19192, stack(0x000000001eff0000,0x000000001f0f0000)]

Stack: [0x000000001eff0000,0x000000001f0f0000]
[error occurred during error reporting (printing stack bounds), id 0xc0000005]

Native frames: (J=compiled Java code, j=interpreted, Vv=VM code, C=native code)


Current CompileTask:
C2:   2726 1643       4       java.net.URLClassLoader$1::run (5 bytes)


---------------  P R O C E S S  ---------------

Java Threads: ( => current thread )
  0x000000001e619800 JavaThread "Service Thread" daemon [_thread_blocked, id=13556, stack(0x000000001f1f0000,0x000000001f2f0000)]
  0x000000001e57a800 JavaThread "C1 CompilerThread3" daemon [_thread_in_vm, id=27512, stack(0x000000001f0f0000,0x000000001f1f0000)]
=>0x000000001e577800 JavaThread "C2 CompilerThread2" daemon [_thread_in_native, id=19192, stack(0x000000001eff0000,0x000000001f0f0000)]
  0x000000001e571800 JavaThread "C2 CompilerThread1" daemon [_thread_in_native, id=32268, stack(0x000000001eef0000,0x000000001eff0000)]
  0x000000001e56d000 JavaThread "C2 CompilerThread0" daemon [_thread_in_native, id=29860, stack(0x000000001edf0000,0x000000001eef0000)]
  0x000000001e56b000 JavaThread "Monitor Ctrl-Break" daemon [_thread_in_native, id=23004, stack(0x000000001ecf0000,0x000000001edf0000)]
  0x000000001e50f000 JavaThread "Attach Listener" daemon [_thread_blocked, id=32516, stack(0x000000001ebf0000,0x000000001ecf0000)]
  0x000000001e4c2800 JavaThread "Signal Dispatcher" daemon [_thread_blocked, id=13608, stack(0x000000001eaf0000,0x000000001ebf0000)]
  0x000000001c6bd000 JavaThread "Finalizer" daemon [_thread_blocked, id=13704, stack(0x000000001e990000,0x000000001ea90000)]
  0x000000001e4b0800 JavaThread "Reference Handler" daemon [_thread_blocked, id=29040, stack(0x000000001e890000,0x000000001e990000)]
  0x0000000002af2800 JavaThread "main" [_thread_in_native, id=30564, stack(0x0000000002860000,0x0000000002960000)]

Other Threads:
  0x000000001c6b9000 VMThread [stack: 0x000000001e390000,0x000000001e490000] [id=28428]
  0x000000001e61a800 WatcherThread [stack: 0x000000001f2f0000,0x000000001f3f0000] [id=6536]

VM state:not at safepoint (normal execution)

VM Mutex/Monitor currently owned by a thread: None

heap address: 0x00000006c1000000, size: 4080 MB, Compressed Oops mode: Zero based, Oop shift amount: 3
Narrow klass base: 0x0000000000000000, Narrow klass shift: 3
Compressed class space size: 1073741824 Address: 0x00000007c0000000

Heap:
 PSYoungGen      total 76288K, used 53564K [0x000000076b000000, 0x0000000770500000, 0x00000007c0000000)
  eden space 65536K, 68% used [0x000000076b000000,0x000000076dbba178,0x000000076f000000)
  from space 10752K, 81% used [0x000000076f000000,0x000000076f895050,0x000000076fa80000)
  to   space 10752K, 0% used [0x000000076fa80000,0x000000076fa80000,0x0000000770500000)
 ParOldGen       total 175104K, used 16K [0x00000006c1000000, 0x00000006cbb00000, 0x000000076b000000)
  object space 175104K, 0% used [0x00000006c1000000,0x00000006c1004000,0x00000006cbb00000)
 Metaspace       used 15669K, capacity 15978K, committed 16128K, reserved 1062912K
  class space    used 1890K, capacity 2006K, committed 2048K, reserved 1048576K

Card table byte_map: [0x0000000011fb0000,0x00000000127b0000] byte_map_base: 0x000000000e9a8000

Marking Bits: (ParMarkBitMap*) 0x000000006a1f8810
 Begin Bits: [0x0000000013500000, 0x00000000174c0000)
 End Bits:   [0x00000000174c0000, 0x000000001b480000)

Polling page: 0x0000000000e50000

CodeCache: size=245760Kb used=6344Kb max_used=6358Kb free=239415Kb
 bounds [0x0000000002bf0000, 0x0000000003230000, 0x0000000011bf0000]
 total_blobs=2192 nmethods=1818 adapters=286
 compilation: enabled

Compilation events (10 events):
Event: 2.685 Thread 0x000000001e57a800 1818       3       java.lang.String::subSequence (7 bytes)
Event: 2.685 Thread 0x000000001e57a800 nmethod 1818 0x0000000003225290 code [0x0000000003225400, 0x0000000003225608]
Event: 2.691 Thread 0x000000001e57a800 1820       1       java.util.Formatter::access$000 (5 bytes)
Event: 2.691 Thread 0x000000001e57a800 nmethod 1820 0x0000000003224fd0 code [0x0000000003225120, 0x0000000003225210]
Event: 2.711 Thread 0x000000001e56d000 nmethod 1815 0x0000000003228d90 code [0x0000000003228fc0, 0x000000000322a6e0]
Event: 2.712 Thread 0x000000001e56d000 1816       4       java.lang.StringBuilder::append (8 bytes)
Event: 2.718 Thread 0x000000001e56d000 nmethod 1816 0x0000000003226e90 code [0x0000000003227000, 0x0000000003227488]
Event: 2.718 Thread 0x000000001e56d000 1819       4       java.lang.String::lastIndexOf (13 bytes)
Event: 2.719 Thread 0x000000001e56d000 nmethod 1819 0x0000000003226b10 code [0x0000000003226c40, 0x0000000003226d98]
Event: 2.720 Thread 0x000000001e56d000 1821       4       org.apache.maven.model.io.xpp3.MavenXpp3ReaderEx::checkFieldWithDuplicate (75 bytes)

GC Heap History (2 events):
Event: 1.726 GC heap before
{Heap before GC invocations=1 (full 0):
 PSYoungGen      total 76288K, used 65536K [0x000000076b000000, 0x0000000770500000, 0x00000007c0000000)
  eden space 65536K, 100% used [0x000000076b000000,0x000000076f000000,0x000000076f000000)
  from space 10752K, 0% used [0x000000076fa80000,0x000000076fa80000,0x0000000770500000)
  to   space 10752K, 0% used [0x000000076f000000,0x000000076f000000,0x000000076fa80000)
 ParOldGen       total 175104K, used 0K [0x00000006c1000000, 0x00000006cbb00000, 0x000000076b000000)
  object space 175104K, 0% used [0x00000006c1000000,0x00000006c1000000,0x00000006cbb00000)
 Metaspace       used 10930K, capacity 11112K, committed 11392K, reserved 1058816K
  class space    used 1305K, capacity 1380K, committed 1408K, reserved 1048576K
Event: 1.737 GC heap after
Heap after GC invocations=1 (full 0):
 PSYoungGen      total 76288K, used 8788K [0x000000076b000000, 0x0000000770500000, 0x00000007c0000000)
  eden space 65536K, 0% used [0x000000076b000000,0x000000076b000000,0x000000076f000000)
  from space 10752K, 81% used [0x000000076f000000,0x000000076f895050,0x000000076fa80000)
  to   space 10752K, 0% used [0x000000076fa80000,0x000000076fa80000,0x0000000770500000)
 ParOldGen       total 175104K, used 16K [0x00000006c1000000, 0x00000006cbb00000, 0x000000076b000000)
  object space 175104K, 0% used [0x00000006c1000000,0x00000006c1004000,0x00000006cbb00000)
 Metaspace       used 10930K, capacity 11112K, committed 11392K, reserved 1058816K
  class space    used 1305K, capacity 1380K, committed 1408K, reserved 1048576K
}

Deoptimization events (10 events):
Event: 1.439 Thread 0x0000000002af2800 Uncommon trap: reason=range_check action=make_not_entrant pc=0x0000000002f7ab28 method=sun.reflect.generics.parser.SignatureParser.current()C @ 34
Event: 1.607 Thread 0x0000000002af2800 Uncommon trap: reason=unstable_if action=reinterpret pc=0x0000000002f8f334 method=java.lang.String.lastIndexOf([CII[CIII)I @ 118
Event: 2.211 Thread 0x0000000002af2800 Uncommon trap: reason=unstable_if action=reinterpret pc=0x000000000315e0d8 method=org.eclipse.sisu.inject.InjectorBindings.isAssignableFrom(Lcom/google/inject/TypeLiteral;Lcom/google/inject/Binding;)Z @ 14
Event: 2.212 Thread 0x0000000002af2800 Uncommon trap: reason=null_check action=make_not_entrant pc=0x0000000002d046fc method=java.lang.String.equals(Ljava/lang/Object;)Z @ 8
Event: 2.217 Thread 0x0000000002af2800 Uncommon trap: reason=unstable_if action=reinterpret pc=0x0000000002e28a64 method=sun.misc.MetaIndex.mayContain(Ljava/lang/String;)Z @ 38
Event: 2.537 Thread 0x0000000002af2800 Uncommon trap: reason=unstable_if action=reinterpret pc=0x0000000002d21780 method=java.lang.CharacterData.of(I)Ljava/lang/CharacterData; @ 4
Event: 2.563 Thread 0x0000000002af2800 Uncommon trap: reason=unstable_if action=reinterpret pc=0x0000000002e1cde4 method=java.lang.AbstractStringBuilder.append(Ljava/lang/String;)Ljava/lang/AbstractStringBuilder; @ 1
Event: 2.563 Thread 0x0000000002af2800 Uncommon trap: reason=unstable_if action=reinterpret pc=0x0000000002deb690 method=java.lang.AbstractStringBuilder.append(Ljava/lang/String;)Ljava/lang/AbstractStringBuilder; @ 1
Event: 2.593 Thread 0x0000000002af2800 Uncommon trap: reason=unstable_if action=reinterpret pc=0x0000000002dcf490 method=java.lang.String.replace(CC)Ljava/lang/String; @ 2
Event: 2.720 Thread 0x0000000002af2800 Uncommon trap: reason=null_check action=make_not_entrant pc=0x000000000322a524 method=org.apache.maven.model.io.xpp3.MavenXpp3ReaderEx.checkFieldWithDuplicate(Lorg/codehaus/plexus/util/xml/pull/XmlPullParser;Ljava/lang/String;Ljava/lang/String;Ljava/util/

Classes redefined (0 events):
No events

Internal exceptions (10 events):
Event: 1.373 Thread 0x0000000002af2800 Exception <a 'java/lang/ArrayIndexOutOfBoundsException'> (0x000000076d852610) thrown at [C:\ws\89P\Corretto8Src\installers\windows\zip\corretto-build\buildRoot\src\hotspot\src\share\vm\runtime\sharedRuntime.cpp, line 609]
Event: 1.374 Thread 0x0000000002af2800 Exception <a 'java/lang/ArrayIndexOutOfBoundsException'> (0x000000076d856fa8) thrown at [C:\ws\89P\Corretto8Src\installers\windows\zip\corretto-build\buildRoot\src\hotspot\src\share\vm\runtime\sharedRuntime.cpp, line 609]
Event: 1.439 Thread 0x0000000002af2800 Exception <a 'java/lang/ArrayIndexOutOfBoundsException': 66> (0x000000076dbd7268) thrown at [C:\ws\89P\Corretto8Src\installers\windows\zip\corretto-build\buildRoot\src\hotspot\src\share\vm\interpreter\interpreterRuntime.cpp, line 371]
Event: 2.111 Thread 0x0000000002af2800 Exception <a 'java/lang/NoClassDefFoundError': com/google/inject/servlet/ServletModuleTargetVisitor> (0x000000076ca5c7c8) thrown at [C:\ws\89P\Corretto8Src\installers\windows\zip\corretto-build\buildRoot\src\hotspot\src\share\vm\classfile\systemDictionary
Event: 2.111 Thread 0x0000000002af2800 Exception <a 'java/lang/NoClassDefFoundError'> (0x000000076ca5c7c8) thrown at [C:\ws\89P\Corretto8Src\installers\windows\zip\corretto-build\buildRoot\src\hotspot\src\share\vm\prims\jvm.cpp, line 1515]
Event: 2.111 Thread 0x0000000002af2800 Exception <a 'java/lang/NoClassDefFoundError': javax/annotation/Priority> (0x000000076ca61928) thrown at [C:\ws\89P\Corretto8Src\installers\windows\zip\corretto-build\buildRoot\src\hotspot\src\share\vm\classfile\systemDictionary.cpp, line 204]
Event: 2.212 Thread 0x0000000002af2800 Implicit null exception at 0x0000000002d04515 to 0x0000000002d046ed
Event: 2.563 Thread 0x0000000002af2800 Implicit null exception at 0x0000000002e1ca14 to 0x0000000002e1cdcd
Event: 2.563 Thread 0x0000000002af2800 Implicit null exception at 0x0000000002deb2d6 to 0x0000000002deb679
Event: 2.720 Thread 0x0000000002af2800 Implicit null exception at 0x0000000003229144 to 0x000000000322a50d

Events (10 events):
Event: 2.663 loading class org/apache/maven/lifecycle/mapping/DefaultLifecycleMapping done
Event: 2.663 loading class org/apache/maven/lifecycle/mapping/Lifecycle
Event: 2.663 loading class org/apache/maven/lifecycle/mapping/Lifecycle done
Event: 2.665 loading class org/apache/maven/lifecycle/mapping/LifecycleMojo
Event: 2.665 loading class org/apache/maven/lifecycle/mapping/LifecycleMojo done
Event: 2.673 loading class org/apache/maven/lifecycle/internal/DefaultLifecyclePluginAnalyzer$1
Event: 2.673 loading class org/apache/maven/lifecycle/internal/DefaultLifecyclePluginAnalyzer$1 done
Event: 2.720 Thread 0x0000000002af2800 Uncommon trap: trap_request=0xfffffff4 fr.pc=0x000000000322a524
Event: 2.720 Thread 0x0000000002af2800 DEOPT PACKING pc=0x000000000322a524 sp=0x000000000295da50
Event: 2.720 Thread 0x0000000002af2800 DEOPT UNPACKING pc=0x0000000002c3557b sp=0x000000000295da30 mode 2


Dynamic libraries:
0x00007ff629a20000 - 0x00007ff629a55000 	C:\Users\123\.jdks\corretto-1.8.0_265\bin\java.exe
0x00007ff924c50000 - 0x00007ff924e45000 	C:\WINDOWS\SYSTEM32\ntdll.dll
0x00007ff9238b0000 - 0x00007ff92396d000 	C:\WINDOWS\System32\KERNEL32.DLL
0x00007ff921c70000 - 0x00007ff921f39000 	C:\WINDOWS\System32\KERNELBASE.dll
0x00007ff923b00000 - 0x00007ff923bac000 	C:\WINDOWS\System32\ADVAPI32.dll
0x00007ff922320000 - 0x00007ff9223be000 	C:\WINDOWS\System32\msvcrt.dll
0x00007ff924090000 - 0x00007ff92412b000 	C:\WINDOWS\System32\sechost.dll
0x00007ff923570000 - 0x00007ff92369a000 	C:\WINDOWS\System32\RPCRT4.dll
0x00007ff923bb0000 - 0x00007ff923d50000 	C:\WINDOWS\System32\USER32.dll
0x00007ff921a40000 - 0x00007ff921a62000 	C:\WINDOWS\System32\win32u.dll
0x00007ff9224e0000 - 0x00007ff92250a000 	C:\WINDOWS\System32\GDI32.dll
0x00007ff921a70000 - 0x00007ff921b7b000 	C:\WINDOWS\System32\gdi32full.dll
0x00007ff921bd0000 - 0x00007ff921c6d000 	C:\WINDOWS\System32\msvcp_win.dll
0x00007ff922220000 - 0x00007ff922320000 	C:\WINDOWS\System32\ucrtbase.dll
0x00007ff91bab0000 - 0x00007ff91bd4a000 	C:\WINDOWS\WinSxS\amd64_microsoft.windows.common-controls_6595b64144ccf1df_6.0.19041.1110_none_60b5254171f9507e\COMCTL32.dll
0x00007ff9224b0000 - 0x00007ff9224e0000 	C:\WINDOWS\System32\IMM32.DLL
0x000000006ab80000 - 0x000000006ac52000 	C:\Users\123\.jdks\corretto-1.8.0_265\jre\bin\msvcr100.dll
0x00000000699c0000 - 0x000000006a27a000 	C:\Users\123\.jdks\corretto-1.8.0_265\jre\bin\server\jvm.dll
0x00007ff9229f0000 - 0x00007ff9229f8000 	C:\WINDOWS\System32\PSAPI.DLL
0x00007ff9183f0000 - 0x00007ff9183fa000 	C:\WINDOWS\SYSTEM32\VERSION.dll
0x00007ff9140f0000 - 0x00007ff914117000 	C:\WINDOWS\SYSTEM32\WINMM.dll
0x00007ff918da0000 - 0x00007ff918da9000 	C:\WINDOWS\SYSTEM32\WSOCK32.dll
0x00007ff922a00000 - 0x00007ff922a6b000 	C:\WINDOWS\System32\WS2_32.dll
0x00007ff9169e0000 - 0x00007ff9169ef000 	C:\Users\123\.jdks\corretto-1.8.0_265\jre\bin\verify.dll
0x00007ff916400000 - 0x00007ff916429000 	C:\Users\123\.jdks\corretto-1.8.0_265\jre\bin\java.dll
0x00007ff91d5f0000 - 0x00007ff91d613000 	C:\Users\123\.jdks\corretto-1.8.0_265\jre\bin\instrument.dll
0x00007ff90cb90000 - 0x00007ff90cba6000 	C:\Users\123\.jdks\corretto-1.8.0_265\jre\bin\zip.dll
0x00007ff924130000 - 0x00007ff92486f000 	C:\WINDOWS\System32\SHELL32.dll
0x00007ff91fb10000 - 0x00007ff9202a1000 	C:\WINDOWS\SYSTEM32\windows.storage.dll
0x00007ff923210000 - 0x00007ff923565000 	C:\WINDOWS\System32\combase.dll
0x00007ff921420000 - 0x00007ff92144c000 	C:\WINDOWS\SYSTEM32\Wldp.dll
0x00007ff922b50000 - 0x00007ff922bfe000 	C:\WINDOWS\System32\SHCORE.dll
0x00007ff9231b0000 - 0x00007ff923205000 	C:\WINDOWS\System32\shlwapi.dll
0x00007ff9218f0000 - 0x00007ff92190f000 	C:\WINDOWS\SYSTEM32\profapi.dll
0x00007ff91d5d0000 - 0x00007ff91d5ea000 	D:\Zeno\software\IntelliJ IDEA 2020.2.1\bin\breakgen64.dll
0x00007ff90c220000 - 0x00007ff90c23a000 	C:\Users\123\.jdks\corretto-1.8.0_265\jre\bin\net.dll
0x00007ff921110000 - 0x00007ff92117a000 	C:\WINDOWS\system32\mswsock.dll
0x00007ff921360000 - 0x00007ff921378000 	C:\WINDOWS\SYSTEM32\CRYPTSP.dll
0x00007ff920a60000 - 0x00007ff920a94000 	C:\WINDOWS\system32\rsaenh.dll
0x00007ff922140000 - 0x00007ff922167000 	C:\WINDOWS\System32\bcrypt.dll
0x00007ff9218b0000 - 0x00007ff9218de000 	C:\WINDOWS\SYSTEM32\USERENV.dll
0x00007ff9219b0000 - 0x00007ff921a33000 	C:\WINDOWS\System32\bcryptprimitives.dll
0x00007ff921380000 - 0x00007ff92138c000 	C:\WINDOWS\SYSTEM32\CRYPTBASE.dll
0x00007ff920db0000 - 0x00007ff920deb000 	C:\WINDOWS\SYSTEM32\IPHLPAPI.DLL
0x00007ff922440000 - 0x00007ff922448000 	C:\WINDOWS\System32\NSI.dll
0x00007ff91cba0000 - 0x00007ff91cbb7000 	C:\WINDOWS\SYSTEM32\dhcpcsvc6.DLL
0x00007ff91cb80000 - 0x00007ff91cb9d000 	C:\WINDOWS\SYSTEM32\dhcpcsvc.DLL
0x00007ff920e50000 - 0x00007ff920f1c000 	C:\WINDOWS\SYSTEM32\DNSAPI.dll
0x00007ff90c200000 - 0x00007ff90c212000 	C:\Users\123\.jdks\corretto-1.8.0_265\jre\bin\nio.dll
0x00007ff9168e0000 - 0x00007ff9168ea000 	C:\Users\123\AppData\Local\Temp\jansi-1.17.1-6509025908042907827.dll
0x00007ff9168d0000 - 0x00007ff9168da000 	C:\Users\123\AppData\Local\Temp\jansi-1.17.1-8637346400586351494.dll

VM Arguments:
jvm_args: -Dmaven.multiModuleProjectDirectory=D:\Zeno\琐事\Cell Taxonomy\ct -Dmaven.home=C:\Users\123\.m2\wrapper\dists\apache-maven-3.6.3-bin\1iopthnavndlasol9gbrbg6bf2\apache-maven-3.6.3 -Dclassworlds.conf=C:\Users\123\.m2\wrapper\dists\apache-maven-3.6.3-bin\1iopthnavndlasol9gbrbg6bf2\apache-maven-3.6.3\bin\m2.conf -Dmaven.ext.class.path=D:\Zeno\software\IntelliJ IDEA 2020.2.1\plugins\maven\lib\maven-event-listener.jar -javaagent:D:\Zeno\software\IntelliJ IDEA 2020.2.1\lib\idea_rt.jar=9002:D:\Zeno\software\IntelliJ IDEA 2020.2.1\bin -Dfile.encoding=UTF-8 
java_command: org.codehaus.classworlds.Launcher -Didea.version=2020.2.1 -s D:\Zeno\琐事\Cell Taxonomy\settings.xml clean
java_class_path (initial): C:\Users\123\.m2\wrapper\dists\apache-maven-3.6.3-bin\1iopthnavndlasol9gbrbg6bf2\apache-maven-3.6.3\boot\plexus-classworlds-2.6.0.jar;C:\Users\123\.m2\wrapper\dists\apache-maven-3.6.3-bin\1iopthnavndlasol9gbrbg6bf2\apache-maven-3.6.3\boot\plexus-classworlds.license;D:\Zeno\software\IntelliJ IDEA 2020.2.1\lib\idea_rt.jar
Launcher Type: SUN_STANDARD

Environment Variables:
PATH=C:\Program Files\Common Files\Oracle\Java\javapath;C:\Program Files (x86)\Intel\iCLS Client\;C:\Program Files\Intel\iCLS Client\;C:\WINDOWS\system32;C:\WINDOWS;C:\WINDOWS\System32\Wbem;C:\WINDOWS\System32\WindowsPowerShell\v1.0\;C:\Program Files (x86)\Intel\UCRT\;C:\Program Files\Intel\UCRT\;C:\Program Files (x86)\Intel\Intel(R) Management Engine Components\DAL;C:\Program Files\Intel\Intel(R) Management Engine Components\DAL;C:\Program Files (x86)\Intel\Intel(R) Management Engine Components\IPT;C:\Program Files\Intel\Intel(R) Management Engine Components\IPT;D:\Zeno\software\tesseract;D:\Zeno\software\mysql-8.0.21-winx64\mysql-8.0.21-winx64\bin\;C:\WINDOWS\System32\OpenSSH\;D:\Zeno\software\Anaconda;D:\Zeno\software\Anaconda\Library\mingw-w64\bin;D:\Zeno\software\Anaconda\Library\usr\bin;D:\Zeno\software\Anaconda\Library\bin;D:\Zeno\software\Anaconda\Scripts;D:\Zeno\software\tesseract;%USERPROFILE%\AppData\Local\Microsoft\WindowsApps;
USERNAME=123
OS=Windows_NT
PROCESSOR_IDENTIFIER=Intel64 Family 6 Model 94 Stepping 3, GenuineIntel



---------------  S Y S T E M  ---------------

OS: Windows 10.0 , 64 bit Build 19041 (10.0.19041.1023)

CPU:total 8 (initial active 8) (4 cores per cpu, 2 threads per core) family 6 model 94 stepping 3, cmov, cx8, fxsr, mmx, sse, sse2, sse3, ssse3, sse4.1, sse4.2, popcnt, avx, avx2, aes, clmul, erms, rtm, 3dnowpref, lzcnt, ht, tsc, tscinvbit, bmi1, bmi2, adx

Memory: 4k page, physical 16703856k(6592580k free), swap 32232620k(5140k free)

vm_info: OpenJDK 64-Bit Server VM (25.265-b01) for windows-amd64 JRE (1.8.0_265-b01), built on Jul 28 2020 21:14:30 by "Administrator" with MS VC++ 10.0 (VS2010)

time: Sat Aug 07 17:42:14 2021
timezone: 中国标准时间
elapsed time: 2 seconds (0d 0h 0m 2s)

